app/build/intermediates/manifest_merge_blame_file/debug/manifest-merger-blame-debug-report.txt
1<?xml version="1.0" encoding="utf-8"?>
2<manifest xmlns:android="http://schemas.android.com/apk/res/android"
3    package="com.speed.user"
4    android:versionCode="1"
5    android:versionName="1.0.0.0" >
6
7    <uses-sdk
8        android:minSdkVersion="21"
8-->src\main\AndroidManifest.xml
9        android:targetSdkVersion="30" />
9-->src\main\AndroidManifest.xml
10
11    <uses-feature android:name="android.hardware.camera" />
11-->src\main\AndroidManifest.xml:6:5-60
11-->src\main\AndroidManifest.xml:6:19-57
12
13    <uses-permission android:name="android.permission.WAKE_LOCK" />
13-->src\main\AndroidManifest.xml:8:5-68
13-->src\main\AndroidManifest.xml:8:22-65
14    <uses-permission android:name="android.permission.INTERNET" />
14-->src\main\AndroidManifest.xml:9:5-67
14-->src\main\AndroidManifest.xml:9:22-64
15    <uses-permission android:name="android.permission.ACCESS_NETWORK_STATE" />
15-->src\main\AndroidManifest.xml:10:5-79
15-->src\main\AndroidManifest.xml:10:22-76
16    <uses-permission android:name="android.permission.WRITE_EXTERNAL_STORAGE" />
16-->src\main\AndroidManifest.xml:11:5-81
16-->src\main\AndroidManifest.xml:11:22-78
17    <uses-permission android:name="android.permission.READ_EXTERNAL_STORAGE" />
17-->src\main\AndroidManifest.xml:12:5-80
17-->src\main\AndroidManifest.xml:12:22-77
18    <uses-permission android:name="android.permission.ACCESS_COARSE_LOCATION" />
18-->src\main\AndroidManifest.xml:13:5-81
18-->src\main\AndroidManifest.xml:13:22-78
19    <uses-permission android:name="android.permission.ACCESS_FINE_LOCATION" />
19-->src\main\AndroidManifest.xml:14:5-79
19-->src\main\AndroidManifest.xml:14:22-76
20    <uses-permission android:name="android.permission.CALL_PHONE" />
20-->src\main\AndroidManifest.xml:15:5-69
20-->src\main\AndroidManifest.xml:15:22-66
21    <uses-permission android:name="android.permission.CAMERA" />
21-->src\main\AndroidManifest.xml:16:5-65
21-->src\main\AndroidManifest.xml:16:22-62
22    <uses-permission android:name="android.permission.ACCESS_WIFI_STATE" />
22-->src\main\AndroidManifest.xml:17:5-76
22-->src\main\AndroidManifest.xml:17:22-73
23    <uses-permission android:name="android.permission.CHANGE_WIFI_MULTICAST_STATE" />
23-->src\main\AndroidManifest.xml:18:5-86
23-->src\main\AndroidManifest.xml:18:22-83
24    <uses-permission android:name="android.permission.GET_ACCOUNTS" />
24-->src\main\AndroidManifest.xml:19:5-71
24-->src\main\AndroidManifest.xml:19:22-68
25    <uses-permission android:name="android.permission.USE_CREDENTIALS" />
25-->src\main\AndroidManifest.xml:20:5-74
25-->src\main\AndroidManifest.xml:20:22-71
26    <uses-permission android:name="android.permission.READ_PHONE_STATE" />
26-->src\main\AndroidManifest.xml:21:5-75
26-->src\main\AndroidManifest.xml:21:22-72
27    <uses-permission android:name="android.permission.MANAGE_ACCOUNTS" />
27-->src\main\AndroidManifest.xml:22:5-74
27-->src\main\AndroidManifest.xml:22:22-71
28
29    <uses-feature
29-->[com.google.android.gms:play-services-maps:17.0.1] AndroidManifest.xml:26:5-28:35
30        android:glEsVersion="0x00020000"
30-->[com.google.android.gms:play-services-maps:17.0.1] AndroidManifest.xml:27:9-41
31        android:required="true" />
31-->[com.google.android.gms:play-services-maps:17.0.1] AndroidManifest.xml:28:9-32
32
33    <queries>
33-->[com.google.android.gms:play-services-maps:17.0.1] AndroidManifest.xml:30:5-34:15
34
35        <!-- Needs to be explicitly declared on Android R+ -->
36        <package android:name="com.google.android.apps.maps" />
36-->[com.google.android.gms:play-services-maps:17.0.1] AndroidManifest.xml:33:9-64
36-->[com.google.android.gms:play-services-maps:17.0.1] AndroidManifest.xml:33:18-61
37    </queries> <!-- Required by older versions of Google Play services to create GCM registration tokens -->
38    <uses-permission android:name="com.google.android.c2dm.permission.RECEIVE" />
38-->[com.google.android.gms:play-services-gcm:17.0.0] AndroidManifest.xml:23:5-82
38-->[com.google.android.gms:play-services-gcm:17.0.0] AndroidManifest.xml:23:22-79
39    <uses-permission android:name="com.google.android.finsky.permission.BIND_GET_INSTALL_REFERRER_SERVICE" />
39-->[com.google.android.gms:play-services-measurement:19.0.0] AndroidManifest.xml:26:5-110
39-->[com.google.android.gms:play-services-measurement:19.0.0] AndroidManifest.xml:26:22-107
40    <uses-permission android:name="android.permission.VIBRATE" />
40-->[io.card:android-sdk:5.5.1] AndroidManifest.xml:10:5-66
40-->[io.card:android-sdk:5.5.1] AndroidManifest.xml:10:22-63
41
42    <uses-feature
42-->[io.card:android-sdk:5.5.1] AndroidManifest.xml:15:5-17:36
43        android:name="android.hardware.camera.autofocus"
43-->[io.card:android-sdk:5.5.1] AndroidManifest.xml:16:9-57
44        android:required="false" />
44-->[io.card:android-sdk:5.5.1] AndroidManifest.xml:17:9-33
45
46    <application
46-->src\main\AndroidManifest.xml:24:5-262:19
47        android:name="com.speed.user.ClassLuxApp"
47-->src\main\AndroidManifest.xml:25:9-36
48        android:allowBackup="false"
48-->src\main\AndroidManifest.xml:26:9-36
49        android:appComponentFactory="androidx.core.app.CoreComponentFactory"
49-->[androidx.core:core:1.5.0] AndroidManifest.xml:24:18-86
50        android:autoMirrored="true"
50-->src\main\AndroidManifest.xml:28:9-36
51        android:debuggable="true"
52        android:fullBackupContent="false"
52-->src\main\AndroidManifest.xml:27:9-42
53        android:hardwareAccelerated="true"
53-->src\main\AndroidManifest.xml:29:9-43
54        android:icon="@mipmap/ic_launcher"
54-->src\main\AndroidManifest.xml:30:9-43
55        android:label="@string/app_name"
55-->src\main\AndroidManifest.xml:31:9-41
56        android:largeHeap="true"
56-->src\main\AndroidManifest.xml:32:9-33
57        android:networkSecurityConfig="@xml/network_security_config"
57-->src\main\AndroidManifest.xml:35:9-69
58        android:supportsRtl="true"
58-->src\main\AndroidManifest.xml:33:9-35
59        android:testOnly="true"
60        android:theme="@style/AppTheme" >
60-->src\main\AndroidManifest.xml:34:9-40
61        <activity
61-->src\main\AndroidManifest.xml:39:9-43:59
62            android:name="com.speed.user.activities.login.IntroActivity"
62-->src\main\AndroidManifest.xml:40:13-59
63            android:configChanges="locale|orientation"
63-->src\main\AndroidManifest.xml:41:13-55
64            android:screenOrientation="portrait"
64-->src\main\AndroidManifest.xml:42:13-49
65            android:theme="@style/AppTheme.NoActionBar" />
65-->src\main\AndroidManifest.xml:43:13-56
66        <activity
66-->src\main\AndroidManifest.xml:45:9-48:78
67            android:name="com.speed.user.activities.login.FaceBookLoginActivity"
67-->src\main\AndroidManifest.xml:46:13-81
68            android:screenOrientation="portrait"
68-->src\main\AndroidManifest.xml:47:13-49
69            android:theme="@style/Theme.AppCompat.Transparent.NoActionBar" />
69-->src\main\AndroidManifest.xml:48:13-75
70        <activity
70-->src\main\AndroidManifest.xml:49:9-52:78
71            android:name="com.speed.user.activities.login.GoogleLoginActivity"
71-->src\main\AndroidManifest.xml:50:13-79
72            android:screenOrientation="portrait"
72-->src\main\AndroidManifest.xml:51:13-49
73            android:theme="@style/Theme.AppCompat.Transparent.NoActionBar" />
73-->src\main\AndroidManifest.xml:52:13-75
74        <activity
74-->src\main\AndroidManifest.xml:53:9-55:59
75            android:name="com.speed.user.activities.FullImage"
75-->src\main\AndroidManifest.xml:54:13-63
76            android:theme="@style/AppTheme.NoActionBar" />
76-->src\main\AndroidManifest.xml:55:13-56
77        <activity android:name="com.speed.user.calender.AddOrEditCalendarActivity" />
77-->src\main\AndroidManifest.xml:56:9-86
77-->src\main\AndroidManifest.xml:56:19-83
78        <activity
78-->src\main\AndroidManifest.xml:57:9-60:48
79            android:name="com.facebook.FacebookActivity"
79-->src\main\AndroidManifest.xml:58:13-57
80            android:configChanges="keyboard|keyboardHidden|screenLayout|screenSize|orientation"
80-->src\main\AndroidManifest.xml:59:13-96
81            android:label="@string/app_name"
81-->src\main\AndroidManifest.xml:60:13-45
82            android:theme="@style/com_facebook_activity_theme" />
82-->[com.facebook.android:facebook-common:5.11.2] AndroidManifest.xml:32:13-63
83        <activity
83-->src\main\AndroidManifest.xml:61:9-71:20
84            android:name="com.speed.user.activities.SplashScreen"
84-->src\main\AndroidManifest.xml:62:13-66
85            android:screenOrientation="portrait"
85-->src\main\AndroidManifest.xml:63:13-49
86            android:theme="@style/AppTheme.NoActionBar" >
86-->src\main\AndroidManifest.xml:64:13-56
87            <intent-filter>
87-->src\main\AndroidManifest.xml:66:13-70:29
88                <action android:name="android.intent.action.MAIN" />
88-->src\main\AndroidManifest.xml:67:17-69
88-->src\main\AndroidManifest.xml:67:25-66
89
90                <category android:name="android.intent.category.LAUNCHER" />
90-->src\main\AndroidManifest.xml:69:17-77
90-->src\main\AndroidManifest.xml:69:27-74
91            </intent-filter>
92        </activity>
93        <activity
93-->src\main\AndroidManifest.xml:72:9-76:59
94            android:name="com.speed.user.activities.Payment"
94-->src\main\AndroidManifest.xml:73:13-61
95            android:label="@string/app_name"
95-->src\main\AndroidManifest.xml:74:13-45
96            android:screenOrientation="portrait"
96-->src\main\AndroidManifest.xml:75:13-49
97            android:theme="@style/AppTheme.NoActionBar" />
97-->src\main\AndroidManifest.xml:76:13-56
98        <activity
98-->src\main\AndroidManifest.xml:77:9-80:59
99            android:name="com.speed.user.activities.OtpVerification"
99-->src\main\AndroidManifest.xml:78:13-69
100            android:screenOrientation="portrait"
100-->src\main\AndroidManifest.xml:79:13-49
101            android:theme="@style/AppTheme.NoActionBar" />
101-->src\main\AndroidManifest.xml:80:13-56
102        <activity
102-->src\main\AndroidManifest.xml:81:9-85:59
103            android:name="com.speed.user.activities.UserReview"
103-->src\main\AndroidManifest.xml:82:13-64
104            android:label="@string/app_name"
104-->src\main\AndroidManifest.xml:83:13-45
105            android:screenOrientation="portrait"
105-->src\main\AndroidManifest.xml:84:13-49
106            android:theme="@style/AppTheme.NoActionBar" />
106-->src\main\AndroidManifest.xml:85:13-56
107        <activity
107-->src\main\AndroidManifest.xml:86:9-91:58
108            android:name="com.speed.user.activities.MainActivity"
108-->src\main\AndroidManifest.xml:87:13-66
109            android:label="@string/app_name"
109-->src\main\AndroidManifest.xml:88:13-45
110            android:screenOrientation="portrait"
110-->src\main\AndroidManifest.xml:89:13-49
111            android:theme="@style/AppTheme.NoActionBar"
111-->src\main\AndroidManifest.xml:90:13-56
112            android:windowSoftInputMode="adjustResize" />
112-->src\main\AndroidManifest.xml:91:13-55
113        <activity
113-->src\main\AndroidManifest.xml:92:9-97:57
114            android:name="com.speed.user.activities.EditProfile"
114-->src\main\AndroidManifest.xml:93:13-65
115            android:label="@string/app_name"
115-->src\main\AndroidManifest.xml:94:13-45
116            android:screenOrientation="portrait"
116-->src\main\AndroidManifest.xml:95:13-49
117            android:theme="@style/AppTheme.NoActionBar"
117-->src\main\AndroidManifest.xml:96:13-56
118            android:windowSoftInputMode="stateHidden" />
118-->src\main\AndroidManifest.xml:97:13-54
119        <activity
119-->src\main\AndroidManifest.xml:98:9-102:57
120            android:name="com.speed.user.activities.PickUpNotes"
120-->src\main\AndroidManifest.xml:99:13-65
121            android:screenOrientation="portrait"
121-->src\main\AndroidManifest.xml:100:13-49
122            android:theme="@style/AppTheme.NoActionBar"
122-->src\main\AndroidManifest.xml:101:13-56
123            android:windowSoftInputMode="stateHidden" />
123-->src\main\AndroidManifest.xml:102:13-54
124        <activity
124-->src\main\AndroidManifest.xml:103:9-108:57
125            android:name="com.speed.user.activities.ShowProfile"
125-->src\main\AndroidManifest.xml:104:13-65
126            android:label="@string/app_name"
126-->src\main\AndroidManifest.xml:105:13-45
127            android:screenOrientation="portrait"
127-->src\main\AndroidManifest.xml:106:13-49
128            android:theme="@style/AppTheme.NoActionBar"
128-->src\main\AndroidManifest.xml:107:13-56
129            android:windowSoftInputMode="stateHidden" />
129-->src\main\AndroidManifest.xml:108:13-54
130        <activity
130-->src\main\AndroidManifest.xml:109:9-114:58
131            android:name="com.speed.user.activities.AddCard"
131-->src\main\AndroidManifest.xml:110:13-61
132            android:label="@string/app_name"
132-->src\main\AndroidManifest.xml:111:13-45
133            android:screenOrientation="portrait"
133-->src\main\AndroidManifest.xml:112:13-49
134            android:theme="@style/AppTheme.NoActionBar"
134-->src\main\AndroidManifest.xml:113:13-56
135            android:windowSoftInputMode="adjustResize" />
135-->src\main\AndroidManifest.xml:114:13-55
136        <activity
136-->src\main\AndroidManifest.xml:115:9-120:58
137            android:name="com.speed.user.activities.HistoryDetails"
137-->src\main\AndroidManifest.xml:116:13-68
138            android:label="@string/app_name"
138-->src\main\AndroidManifest.xml:117:13-45
139            android:screenOrientation="portrait"
139-->src\main\AndroidManifest.xml:118:13-49
140            android:theme="@style/AppTheme.NoActionBar"
140-->src\main\AndroidManifest.xml:119:13-56
141            android:windowSoftInputMode="adjustResize" />
141-->src\main\AndroidManifest.xml:120:13-55
142        <activity
142-->src\main\AndroidManifest.xml:121:9-124:52
143            android:name="com.speed.user.activities.HistoryActivity"
143-->src\main\AndroidManifest.xml:122:13-69
144            android:label="History"
144-->src\main\AndroidManifest.xml:123:13-36
145            android:screenOrientation="portrait" />
145-->src\main\AndroidManifest.xml:124:13-49
146        <activity
146-->src\main\AndroidManifest.xml:125:9-129:59
147            android:name="com.speed.user.activities.ActivityWallet"
147-->src\main\AndroidManifest.xml:126:13-68
148            android:label="Wallet"
148-->src\main\AndroidManifest.xml:127:13-35
149            android:screenOrientation="portrait"
149-->src\main\AndroidManifest.xml:128:13-49
150            android:theme="@style/AppTheme.NoActionBar" />
150-->src\main\AndroidManifest.xml:129:13-56
151        <activity
151-->src\main\AndroidManifest.xml:130:9-134:57
152            android:name="com.speed.user.activities.CouponActivity"
152-->src\main\AndroidManifest.xml:131:13-68
153            android:label="Coupon"
153-->src\main\AndroidManifest.xml:132:13-35
154            android:screenOrientation="portrait"
154-->src\main\AndroidManifest.xml:133:13-49
155            android:windowSoftInputMode="stateHidden" />
155-->src\main\AndroidManifest.xml:134:13-54
156        <activity
156-->src\main\AndroidManifest.xml:135:9-140:58
157            android:name="com.speed.user.activities.ChangePassword"
157-->src\main\AndroidManifest.xml:136:13-68
158            android:label="@string/app_name"
158-->src\main\AndroidManifest.xml:137:13-45
159            android:screenOrientation="portrait"
159-->src\main\AndroidManifest.xml:138:13-49
160            android:theme="@style/AppTheme.NoActionBar"
160-->src\main\AndroidManifest.xml:139:13-56
161            android:windowSoftInputMode="adjustResize" />
161-->src\main\AndroidManifest.xml:140:13-55
162        <activity
162-->src\main\AndroidManifest.xml:141:9-152:20
163            android:name="com.speed.user.activities.NotificationTab"
163-->src\main\AndroidManifest.xml:142:13-69
164            android:configChanges="orientation|keyboardHidden|screenLayout|screenSize"
164-->src\main\AndroidManifest.xml:143:13-87
165            android:label="@string/app_name"
165-->src\main\AndroidManifest.xml:144:13-45
166            android:theme="@style/AppTheme.NoActionBar"
166-->src\main\AndroidManifest.xml:145:13-56
167            android:windowSoftInputMode="adjustResize" >
167-->src\main\AndroidManifest.xml:146:13-55
168            <intent-filter>
168-->src\main\AndroidManifest.xml:147:13-151:29
169                <action android:name="com.quickridejadriver.providers.TARGETNOTIFICATION" />
169-->src\main\AndroidManifest.xml:148:17-93
169-->src\main\AndroidManifest.xml:148:25-90
170
171                <category android:name="android.intent.category.DEFAULT" />
171-->src\main\AndroidManifest.xml:150:17-76
171-->src\main\AndroidManifest.xml:150:27-73
172            </intent-filter>
173        </activity>
174        <activity
174-->src\main\AndroidManifest.xml:153:9-156:59
175            android:name="com.speed.user.chat.UserChatActivity"
175-->src\main\AndroidManifest.xml:154:13-64
176            android:screenOrientation="portrait"
176-->src\main\AndroidManifest.xml:155:13-49
177            android:theme="@style/AppTheme.NoActionBar" />
177-->src\main\AndroidManifest.xml:156:13-56
178        <activity
178-->src\main\AndroidManifest.xml:157:9-160:59
179            android:name="com.speed.user.activities.Profile"
179-->src\main\AndroidManifest.xml:158:13-61
180            android:screenOrientation="portrait"
180-->src\main\AndroidManifest.xml:159:13-49
181            android:theme="@style/AppTheme.NoActionBar" />
181-->src\main\AndroidManifest.xml:160:13-56
182        <activity
182-->src\main\AndroidManifest.xml:161:9-166:58
183            android:name="com.speed.user.activities.CustomGooglePlacesSearch"
183-->src\main\AndroidManifest.xml:162:13-78
184            android:label="@string/app_name"
184-->src\main\AndroidManifest.xml:163:13-45
185            android:screenOrientation="portrait"
185-->src\main\AndroidManifest.xml:164:13-49
186            android:theme="@style/AppTheme.NoActionBar"
186-->src\main\AndroidManifest.xml:165:13-56
187            android:windowSoftInputMode="adjustResize" />
187-->src\main\AndroidManifest.xml:166:13-55
188        <activity android:name="com.speed.user.activities.ActivityHelp" />
188-->src\main\AndroidManifest.xml:167:9-75
188-->src\main\AndroidManifest.xml:167:19-72
189        <activity
189-->src\main\AndroidManifest.xml:168:9-172:59
190            android:name="com.speed.user.activities.SosCallActivity"
190-->src\main\AndroidManifest.xml:169:13-69
191            android:hardwareAccelerated="false"
191-->src\main\AndroidManifest.xml:170:13-48
192            android:screenOrientation="portrait"
192-->src\main\AndroidManifest.xml:171:13-49
193            android:theme="@style/AppTheme.NoActionBar" />
193-->src\main\AndroidManifest.xml:172:13-56
194        <activity
194-->src\main\AndroidManifest.xml:173:9-177:59
195            android:name="com.speed.user.activities.LegalActivity"
195-->src\main\AndroidManifest.xml:174:13-67
196            android:hardwareAccelerated="false"
196-->src\main\AndroidManifest.xml:175:13-48
197            android:screenOrientation="portrait"
197-->src\main\AndroidManifest.xml:176:13-49
198            android:theme="@style/AppTheme.NoActionBar" />
198-->src\main\AndroidManifest.xml:177:13-56
199        <activity
199-->src\main\AndroidManifest.xml:178:9-182:59
200            android:name="com.speed.user.activities.TermsOfUseActivity"
200-->src\main\AndroidManifest.xml:179:13-72
201            android:hardwareAccelerated="false"
201-->src\main\AndroidManifest.xml:180:13-48
202            android:screenOrientation="portrait"
202-->src\main\AndroidManifest.xml:181:13-49
203            android:theme="@style/AppTheme.NoActionBar" />
203-->src\main\AndroidManifest.xml:182:13-56
204        <activity
204-->src\main\AndroidManifest.xml:183:9-187:59
205            android:name="com.speed.user.activities.PrivacyPolicyActivity"
205-->src\main\AndroidManifest.xml:184:13-75
206            android:hardwareAccelerated="false"
206-->src\main\AndroidManifest.xml:185:13-48
207            android:screenOrientation="portrait"
207-->src\main\AndroidManifest.xml:186:13-49
208            android:theme="@style/AppTheme.NoActionBar" />
208-->src\main\AndroidManifest.xml:187:13-56
209        <activity
209-->src\main\AndroidManifest.xml:188:9-192:59
210            android:name="com.speed.user.activities.UpdateProfile"
210-->src\main\AndroidManifest.xml:189:13-67
211            android:hardwareAccelerated="false"
211-->src\main\AndroidManifest.xml:190:13-48
212            android:screenOrientation="portrait"
212-->src\main\AndroidManifest.xml:191:13-49
213            android:theme="@style/AppTheme.NoActionBar" />
213-->src\main\AndroidManifest.xml:192:13-56
214        <activity
214-->src\main\AndroidManifest.xml:193:9-197:59
215            android:name="com.speed.user.activities.FavouritePlaceSearch"
215-->src\main\AndroidManifest.xml:194:13-74
216            android:hardwareAccelerated="false"
216-->src\main\AndroidManifest.xml:195:13-48
217            android:screenOrientation="portrait"
217-->src\main\AndroidManifest.xml:196:13-49
218            android:theme="@style/AppTheme.NoActionBar" />
218-->src\main\AndroidManifest.xml:197:13-56
219        <activity
219-->src\main\AndroidManifest.xml:198:9-202:59
220            android:name="com.speed.user.activities.Login"
220-->src\main\AndroidManifest.xml:199:13-45
221            android:label="@string/app_name"
221-->src\main\AndroidManifest.xml:200:13-45
222            android:screenOrientation="portrait"
222-->src\main\AndroidManifest.xml:201:13-49
223            android:theme="@style/AppTheme.NoActionBar" />
223-->src\main\AndroidManifest.xml:202:13-56
224        <activity
224-->src\main\AndroidManifest.xml:203:9-207:59
225            android:name="com.speed.user.activities.SignUp"
225-->src\main\AndroidManifest.xml:204:13-60
226            android:label="@string/app_name"
226-->src\main\AndroidManifest.xml:205:13-45
227            android:screenOrientation="portrait"
227-->src\main\AndroidManifest.xml:206:13-49
228            android:theme="@style/AppTheme.NoActionBar" />
228-->src\main\AndroidManifest.xml:207:13-56
229        <activity
229-->src\main\AndroidManifest.xml:208:9-212:59
230            android:name="com.speed.user.activities.ForgotPassword"
230-->src\main\AndroidManifest.xml:209:13-68
231            android:label="@string/app_name"
231-->src\main\AndroidManifest.xml:210:13-45
232            android:screenOrientation="portrait"
232-->src\main\AndroidManifest.xml:211:13-49
233            android:theme="@style/AppTheme.NoActionBar" />
233-->src\main\AndroidManifest.xml:212:13-56
234        <activity
234-->src\main\AndroidManifest.xml:213:9-217:59
235            android:name="com.speed.user.activities.MediaHome"
235-->src\main\AndroidManifest.xml:214:13-63
236            android:label="@string/app_name"
236-->src\main\AndroidManifest.xml:215:13-45
237            android:screenOrientation="portrait"
237-->src\main\AndroidManifest.xml:216:13-49
238            android:theme="@style/AppTheme.NoActionBar" />
238-->src\main\AndroidManifest.xml:217:13-56
239        <activity
239-->src\main\AndroidManifest.xml:218:9-222:59
240            android:name="com.speed.user.activities.RunningTrip"
240-->src\main\AndroidManifest.xml:219:13-65
241            android:label="@string/app_name"
241-->src\main\AndroidManifest.xml:220:13-45
242            android:screenOrientation="portrait"
242-->src\main\AndroidManifest.xml:221:13-49
243            android:theme="@style/AppTheme.NoActionBar" />
243-->src\main\AndroidManifest.xml:222:13-56
244        <activity
244-->src\main\AndroidManifest.xml:223:9-226:59
245            android:name="com.speed.user.activities.TrackActivity"
245-->src\main\AndroidManifest.xml:224:13-67
246            android:screenOrientation="portrait"
246-->src\main\AndroidManifest.xml:225:13-49
247            android:theme="@style/AppTheme.NoActionBar" />
247-->src\main\AndroidManifest.xml:226:13-56
248        <activity
248-->src\main\AndroidManifest.xml:227:9-231:59
249            android:name="com.speed.user.activities.PhoneNoUpdateActivity"
249-->src\main\AndroidManifest.xml:228:13-75
250            android:hardwareAccelerated="false"
250-->src\main\AndroidManifest.xml:229:13-48
251            android:screenOrientation="portrait"
251-->src\main\AndroidManifest.xml:230:13-49
252            android:theme="@style/AppTheme.NoActionBar" />
252-->src\main\AndroidManifest.xml:231:13-56
253
254        <meta-data
254-->src\main\AndroidManifest.xml:234:9-236:54
255            android:name="com.google.android.geo.API_KEY"
255-->src\main\AndroidManifest.xml:235:13-58
256            android:value="@string/google_map_api" />
256-->src\main\AndroidManifest.xml:236:13-51
257        <meta-data
257-->src\main\AndroidManifest.xml:237:9-239:69
258            android:name="com.google.android.gms.version"
258-->src\main\AndroidManifest.xml:238:13-58
259            android:value="@integer/google_play_services_version" />
259-->src\main\AndroidManifest.xml:239:13-66
260        <meta-data
260-->src\main\AndroidManifest.xml:240:9-242:48
261            android:name="com.facebook.accountkit.ApplicationName"
261-->src\main\AndroidManifest.xml:241:13-67
262            android:value="@string/app_name" />
262-->src\main\AndroidManifest.xml:242:13-45
263        <meta-data
263-->src\main\AndroidManifest.xml:243:9-245:55
264            android:name="com.facebook.sdk.ApplicationId"
264-->src\main\AndroidManifest.xml:244:13-58
265            android:value="@string/facebook_app_id" />
265-->src\main\AndroidManifest.xml:245:13-52
266        <meta-data
266-->src\main\AndroidManifest.xml:246:9-248:57
267            android:name="preloaded_fonts"
267-->src\main\AndroidManifest.xml:247:13-43
268            android:resource="@array/preloaded_fonts" />
268-->src\main\AndroidManifest.xml:248:13-54
269        <meta-data
269-->src\main\AndroidManifest.xml:249:9-251:55
270            android:name="com.razorpay.ApiKey"
270-->src\main\AndroidManifest.xml:250:13-47
271            android:value="rzp_test_zGD0bTIi1I9XnS" />
271-->src\main\AndroidManifest.xml:251:13-52
272
273        <service android:name="com.speed.user.fcm.FCMService" >
273-->src\main\AndroidManifest.xml:253:9-257:19
273-->src\main\AndroidManifest.xml:253:18-62
274            <intent-filter>
274-->src\main\AndroidManifest.xml:254:13-256:29
275                <action android:name="com.google.firebase.MESSAGING_EVENT" />
275-->src\main\AndroidManifest.xml:255:17-78
275-->src\main\AndroidManifest.xml:255:25-75
276            </intent-filter>
277        </service>
278
279        <uses-library
279-->src\main\AndroidManifest.xml:259:9-261:40
280            android:name="org.apache.http.legacy"
280-->src\main\AndroidManifest.xml:260:13-50
281            android:required="false" />
281-->src\main\AndroidManifest.xml:261:13-37
282
283        <activity
283-->[com.stripe:stripe-android:9.0.1] AndroidManifest.xml:12:9-15:58
284            android:name="com.stripe.android.view.AddSourceActivity"
284-->[com.stripe:stripe-android:9.0.1] AndroidManifest.xml:13:13-69
285            android:theme="@style/StripeDefaultTheme"
285-->[com.stripe:stripe-android:9.0.1] AndroidManifest.xml:14:13-54
286            android:windowSoftInputMode="stateVisible" />
286-->[com.stripe:stripe-android:9.0.1] AndroidManifest.xml:15:13-55
287        <activity
287-->[com.stripe:stripe-android:9.0.1] AndroidManifest.xml:16:9-18:57
288            android:name="com.stripe.android.view.PaymentMethodsActivity"
288-->[com.stripe:stripe-android:9.0.1] AndroidManifest.xml:17:13-74
289            android:theme="@style/StripeDefaultTheme" />
289-->[com.stripe:stripe-android:9.0.1] AndroidManifest.xml:18:13-54
290        <activity
290-->[com.stripe:stripe-android:9.0.1] AndroidManifest.xml:19:9-21:57
291            android:name="com.stripe.android.view.PaymentFlowActivity"
291-->[com.stripe:stripe-android:9.0.1] AndroidManifest.xml:20:13-71
292            android:theme="@style/StripeDefaultTheme" />
292-->[com.stripe:stripe-android:9.0.1] AndroidManifest.xml:21:13-54
293        <activity
293-->[com.stripe:stripe-android:9.0.1] AndroidManifest.xml:22:9-24:57
294            android:name="com.stripe.android.view.AuthWebViewActivity"
294-->[com.stripe:stripe-android:9.0.1] AndroidManifest.xml:23:13-71
295            android:theme="@style/StripeDefaultTheme" />
295-->[com.stripe:stripe-android:9.0.1] AndroidManifest.xml:24:13-54
296        <activity
296-->[com.karumi:dexter:6.0.1] AndroidManifest.xml:27:9-29:72
297            android:name="com.karumi.dexter.DexterActivity"
297-->[com.karumi:dexter:6.0.1] AndroidManifest.xml:28:13-60
298            android:theme="@style/Dexter.Internal.Theme.Transparent" />
298-->[com.karumi:dexter:6.0.1] AndroidManifest.xml:29:13-69
299
300        <service
300-->[com.google.firebase:firebase-crashlytics:17.2.1] AndroidManifest.xml:13:9-19:19
301            android:name="com.google.firebase.components.ComponentDiscoveryService"
301-->[com.google.firebase:firebase-crashlytics:17.2.1] AndroidManifest.xml:14:13-84
302            android:directBootAware="true"
302-->[com.google.firebase:firebase-common:20.0.0] AndroidManifest.xml:35:13-43
303            android:exported="false" >
303-->[com.google.firebase:firebase-crashlytics:17.2.1] AndroidManifest.xml:15:13-37
304            <meta-data
304-->[com.google.firebase:firebase-crashlytics:17.2.1] AndroidManifest.xml:16:13-18:85
305                android:name="com.google.firebase.components:com.google.firebase.crashlytics.CrashlyticsRegistrar"
305-->[com.google.firebase:firebase-crashlytics:17.2.1] AndroidManifest.xml:17:17-115
306                android:value="com.google.firebase.components.ComponentRegistrar" />